<?xml version="1.0" encoding="UTF-8"?>
<!-- Generated by org.testng.reporters.JUnitReportReporter -->
<testsuite hostname="DESKTOP-0FOOI6C" failures="0" tests="2" name="Academy.LoginTest" time="19.008" errors="0" timestamp="2021-04-01T12:58:34 IST" skipped="0">
  <testcase classname="Academy.LoginTest" name="loginPageValidation" time="6.344"/>
  <system-out/>
  <testcase classname="Academy.LoginTest" name="loginPageValidation" time="12.664"/>
  <system-out/>
</testsuite> <!-- Academy.LoginTest -->
