<?xml version="1.0" encoding="UTF-8"?>
<!-- Generated by org.testng.reporters.JUnitReportReporter -->
<testsuite hostname="DESKTOP-0FOOI6C" failures="0" tests="1" name="Academy.validateNavigatonBar" time="2.901" errors="0" timestamp="2021-03-31T17:19:15 IST" skipped="0">
  <testcase classname="Academy.validateNavigatonBar" name="navigationBarValidation" time="2.901"/>
  <system-out/>
</testsuite> <!-- Academy.validateNavigatonBar -->
