<?xml version="1.0" encoding="UTF-8"?>
<!-- Generated by org.testng.reporters.JUnitReportReporter -->
<testsuite hostname="DESKTOP-0FOOI6C" failures="0" tests="1" name="Academy.HomePage" time="4.601" errors="0" timestamp="2021-04-02T10:54:23 IST" skipped="0">
  <testcase classname="Academy.HomePage" name="homePageValidation" time="4.601"/>
  <system-out/>
</testsuite> <!-- Academy.HomePage -->
