<?xml version="1.0" encoding="UTF-8"?>
<!-- Generated by org.testng.reporters.JUnitReportReporter -->
<testsuite hostname="DESKTOP-0FOOI6C" failures="0" tests="1" name="cucumberOptions.testRunner" time="151.824" errors="0" timestamp="2021-04-09T14:43:51 IST" skipped="0">
  <testcase classname="cucumberOptions.testRunner" name="feature" time="151.824"/>
  <system-out/>
</testsuite> <!-- cucumberOptions.testRunner -->
