<?xml version="1.0" encoding="UTF-8"?>
<!-- Generated by org.testng.reporters.JUnitReportReporter -->
<testsuite hostname="DESKTOP-0FOOI6C" failures="0" tests="2" name="Academy.LoginTest" time="61.437" errors="0" timestamp="2021-04-02T10:54:23 IST" skipped="0">
  <testcase classname="Academy.LoginTest" name="loginPageValidation" time="7.733"/>
  <system-out/>
  <testcase classname="Academy.LoginTest" name="loginPageValidation" time="53.704"/>
  <system-out/>
</testsuite> <!-- Academy.LoginTest -->
