<?xml version="1.0" encoding="UTF-8"?>
<!-- Generated by org.testng.reporters.JUnitReportReporter -->
<testsuite hostname="DESKTOP-0FOOI6C" failures="0" tests="1" name="Academy.validateTitle" time="4.326" errors="0" timestamp="2021-04-02T10:54:23 IST" skipped="0">
  <testcase classname="Academy.validateTitle" name="titleValidation" time="4.326"/>
  <system-out/>
</testsuite> <!-- Academy.validateTitle -->
